GAS LISTING delay_task_x.s 			page 1


   1              		.file	"delay_task.c"
   2              		.text
   3              		.data
   4              		.align 4
   5              	LC0:
   6 0000 2A2A2A20 		.ascii "*** delay_task table area nothing\0"
   6      64656C61 
   6      795F7461 
   6      736B2074 
   6      61626C65 
   7 0022 0000     		.text
   8              		.globl	_delay_task
   9              		.def	_delay_task;	.scl	2;	.type	32;	.endef
  10              	_delay_task:
  11              	LFB0:
  12              		.cfi_startproc
  13 0000 55       		pushl	%ebp
  14              		.cfi_def_cfa_offset 8
  15              		.cfi_offset 5, -8
  16 0001 89E5     		movl	%esp, %ebp
  17              		.cfi_def_cfa_register 5
  18 0003 83EC28   		subl	$40, %esp
  19 0006 E8000000 		call	_io_load_eflags
  19      00
  20 000b 8945F0   		movl	%eax, -16(%ebp)
  21 000e E8000000 		call	_disable_interrupt
  21      00
  22 0013 8B150000 		movl	_taskctl, %edx
  22      0000
  23 0019 A1000000 		movl	_taskctl, %eax
  23      00
  24 001e 8B4004   		movl	4(%eax), %eax
  25 0021 69C09801 		imull	$408, %eax, %eax
  25      0000
  26 0027 83C010   		addl	$16, %eax
  27 002a 01D0     		addl	%edx, %eax
  28 002c 8945EC   		movl	%eax, -20(%ebp)
  29 002f 8B45EC   		movl	-20(%ebp), %eax
  30 0032 8B5004   		movl	4(%eax), %edx
  31 0035 8B45EC   		movl	-20(%ebp), %eax
  32 0038 8B449008 		movl	8(%eax,%edx,4), %eax
  33 003c 8945E8   		movl	%eax, -24(%ebp)
  34 003f C745F400 		movl	$0, -12(%ebp)
  34      000000
  35 0046 EB1C     		jmp	L2
  36              	L5:
  37 0048 8B55F4   		movl	-12(%ebp), %edx
  38 004b 89D0     		movl	%edx, %eax
  39 004d C1E002   		sall	$2, %eax
  40 0050 01D0     		addl	%edx, %eax
  41 0052 C1E002   		sall	$2, %eax
  42 0055 05140000 		addl	$_timerctl+20, %eax
  42      00
  43 005a 8B00     		movl	(%eax), %eax
  44 005c 85C0     		testl	%eax, %eax
  45 005e 740F     		je	L7
  46 0060 8345F401 		addl	$1, -12(%ebp)
GAS LISTING delay_task_x.s 			page 2


  47              	L2:
  48 0064 817DF4F3 		cmpl	$499, -12(%ebp)
  48      010000
  49 006b 7EDB     		jle	L5
  50 006d EB01     		jmp	L4
  51              	L7:
  52 006f 90       		nop
  53              	L4:
  54 0070 817DF4F4 		cmpl	$500, -12(%ebp)
  54      010000
  55 0077 750C     		jne	L6
  56 0079 C7042400 		movl	$LC0, (%esp)
  56      000000
  57 0080 E8000000 		call	_fatal_a
  57      00
  58              	L6:
  59 0085 8B55F4   		movl	-12(%ebp), %edx
  60 0088 89D0     		movl	%edx, %eax
  61 008a C1E002   		sall	$2, %eax
  62 008d 01D0     		addl	%edx, %eax
  63 008f C1E002   		sall	$2, %eax
  64 0092 05040000 		addl	$_timerctl+4, %eax
  64      00
  65 0097 C7000000 		movl	$0, (%eax)
  65      0000
  66 009d E8000000 		call	_GetTickCount
  66      00
  67 00a2 89C2     		movl	%eax, %edx
  68 00a4 8B4DF4   		movl	-12(%ebp), %ecx
  69 00a7 89C8     		movl	%ecx, %eax
  70 00a9 C1E002   		sall	$2, %eax
  71 00ac 01C8     		addl	%ecx, %eax
  72 00ae C1E002   		sall	$2, %eax
  73 00b1 050C0000 		addl	$_timerctl+12, %eax
  73      00
  74 00b6 8910     		movl	%edx, (%eax)
  75 00b8 8B55F4   		movl	-12(%ebp), %edx
  76 00bb 89D0     		movl	%edx, %eax
  77 00bd C1E002   		sall	$2, %eax
  78 00c0 01D0     		addl	%edx, %eax
  79 00c2 C1E002   		sall	$2, %eax
  80 00c5 8D901000 		leal	_timerctl+16(%eax), %edx
  80      0000
  81 00cb 8B4508   		movl	8(%ebp), %eax
  82 00ce 8902     		movl	%eax, (%edx)
  83 00d0 8B55F4   		movl	-12(%ebp), %edx
  84 00d3 89D0     		movl	%edx, %eax
  85 00d5 C1E002   		sall	$2, %eax
  86 00d8 01D0     		addl	%edx, %eax
  87 00da C1E002   		sall	$2, %eax
  88 00dd 8D900800 		leal	_timerctl+8(%eax), %edx
  88      0000
  89 00e3 8B45E8   		movl	-24(%ebp), %eax
  90 00e6 8902     		movl	%eax, (%edx)
  91 00e8 8B55F4   		movl	-12(%ebp), %edx
  92 00eb 89D0     		movl	%edx, %eax
  93 00ed C1E002   		sall	$2, %eax
GAS LISTING delay_task_x.s 			page 3


  94 00f0 01D0     		addl	%edx, %eax
  95 00f2 C1E002   		sall	$2, %eax
  96 00f5 05140000 		addl	$_timerctl+20, %eax
  96      00
  97 00fa C7000300 		movl	$3, (%eax)
  97      0000
  98 0100 8B45F0   		movl	-16(%ebp), %eax
  99 0103 890424   		movl	%eax, (%esp)
 100 0106 E8000000 		call	_io_store_eflags
 100      00
 101 010b 8B45E8   		movl	-24(%ebp), %eax
 102 010e 890424   		movl	%eax, (%esp)
 103 0111 E8000000 		call	_task_sleep
 103      00
 104 0116 90       		nop
 105 0117 C9       		leave
 106              		.cfi_restore 5
 107              		.cfi_def_cfa 4, 4
 108 0118 C3       		ret
 109              		.cfi_endproc
 110              	LFE0:
 111              		.ident	"GCC: (GNU) 10.2.0"
 112              		.def	_io_load_eflags;	.scl	2;	.type	32;	.endef
 113              		.def	_disable_interrupt;	.scl	2;	.type	32;	.endef
 114              		.def	_fatal_a;	.scl	2;	.type	32;	.endef
 115              		.def	_GetTickCount;	.scl	2;	.type	32;	.endef
 116              		.def	_io_store_eflags;	.scl	2;	.type	32;	.endef
 117 0119 909090   		.def	_task_sleep;	.scl	2;	.type	32;	.endef
