     1                                  ; haribote-os boot asm
     2                                  ; TAB=4
     3                                  
     4                                  _gonbe_main	equ	0x00000030
     5                                  _stack_buf	equ	0x00000040+0x00280000
     6                                  
     7                                  
     8                                  VBEMODE	EQU		0x105			; 1024 x  768 x 8bitカラー/
     9                                  ; （画面モード一覧）
    10                                  ;	0x100 :  640 x  400 x 8bitカラー
    11                                  ;	0x101 :  640 x  480 x 8bitカラー
    12                                  ;	0x103 :  800 x  600 x 8bitカラー
    13                                  ;	0x105 : 1024 x  768 x 8bitカラー
    14                                  ;	0x107 : 1280 x 1024 x 8bitカラー
    15                                  
    16                                  BOTPAK	EQU		0x00280000		; bootpackのロード先/
    17                                  DSKCAC	EQU		0x00100000		; ディスクキャッシュの場所/
    18                                  DSKCAC0	EQU		0x00008000		; ディスクキャッシュの場所（リアルモード）/
    19                                  
    20                                  ; BOOT_INFO関係
    21                                  IDT_SAVE	equ	0x0fe8			; 6byte idtr
    22                                  CYLS	EQU		0x0ff0			; ブートセクタが設定する/
    23                                  LEDS	EQU		0x0ff1
    24                                  VMODE	EQU		0x0ff2			; 色数に関する情報。何ビットカラーか？/
    25                                  SCRNX	EQU		0x0ff4			; 解像度のX/
    26                                  SCRNY	EQU		0x0ff6			; 解像度のY/
    27                                  VRAM	EQU		0x0ff8			; グラフィックバッファの開始番地/
    28                                  
    29                                  	ORG		0x8000			; このプログラムがどこに読み込まれるのか/
    30                                  
    31                                  [BITS 16]
    32                                  
    33                                  ;;;	jmp	scrn320
    34                                  
    35                                  ; VBE存在確認
    36                                  entry:
    37 00000000 B80090                  		MOV		AX,0x9000
    38 00000003 8EC0                    		MOV		ES,AX
    39 00000005 BF0000                  		MOV		DI,0
    40 00000008 B8004F                  		MOV		AX,0x4f00
    41 0000000B CD10                    		INT		0x10
    42 0000000D 83F84F                  		CMP		AX,0x004f
    43 00000010 7552                    		JNE		scrn320		;VBE が存在しないから 320x200 にする/
    44                                  
    45                                  ; VBEのバージョンチェック
    46                                  
    47 00000012 268B4504                		MOV		AX,[ES:DI+4]
    48 00000016 3D0002                  		CMP		AX,0x0200
    49 00000019 7249                    		JB		scrn320			; if (AX < 0x0200) goto scrn320
    50                                  
    51                                  ; 画面モード情報を得る
    52                                  
    53 0000001B B90501                  		MOV		CX,VBEMODE
    54 0000001E B8014F                  		MOV		AX,0x4f01
    55 00000021 CD10                    		INT		0x10
    56 00000023 83F84F                  		CMP		AX,0x004f
    57 00000026 753C                    		JNE		scrn320		;SuperVGA モードは使えない/
    58                                  
    59                                  ; 画面モード情報の確認
    60                                  
    61 00000028 26807D1908              		CMP		BYTE [ES:DI+0x19],8	;1pixcel 1byte
    62 0000002D 7535                    		JNE		scrn320
    63 0000002F 26807D1B04              		CMP		BYTE [ES:DI+0x1b],4	;パレットモード/
    64 00000034 752E                    		JNE		scrn320
    65 00000036 268B05                  		MOV		AX,[ES:DI+0x00]		;モード属性/
    66 00000039 258000                  		AND		AX,0x0080
    67 0000003C 7426                    		JZ		scrn320			; モード属性のbit7が0だったのであきらめる/
    68                                  
    69                                  ; 画面モードの切り替え
    70                                  
    71 0000003E BB0541                  		MOV		BX,VBEMODE+0x4000
    72 00000041 B8024F                  		MOV		AX,0x4f02	;VGA の設定/
    73 00000044 CD10                    		INT		0x10
    74 00000046 C606F20F08              		MOV		BYTE [VMODE],8	; 画面モードをメモする（C言語が参照する）/
    75 0000004B 268B4512                		MOV		AX,[ES:DI+0x12]	;SCRNX
    76 0000004F A3F40F                  		MOV		[SCRNX],AX
    77 00000052 268B4514                		MOV		AX,[ES:DI+0x14]	;SCRNY
    78 00000056 A3F60F                  		MOV		[SCRNY],AX
    79 00000059 26668B4528              		MOV		EAX,[ES:DI+0x28]	;VRAM address
    80                                  ;	mov	ax,[es:di+0x28]
    81                                  ;	mov	[VRAM],ax
    82                                  ;	mov	ax,[es:di+0x28+2]
    83                                  ;	mov	[VRAM+2],ax
    84 0000005E 66A3F80F                		MOV		[VRAM],EAX
    85 00000062 EB20                    		JMP		keystatus
    86                                  
    87                                  scrn320:
    88 00000064 B013                    		MOV		AL,0x13			; VGAグラフィックス、320x200x8bitカラー/
    89 00000066 B400                    		MOV		AH,0x00
    90 00000068 CD10                    		INT		0x10
    91 0000006A C606F20F08              		MOV		BYTE [VMODE],8	; 画面モードをメモする（C言語が参照する）/
    92 0000006F C706F40F4001            		MOV		WORD [SCRNX],320
    93 00000075 C706F60FC800            		MOV		WORD [SCRNY],200
    94 0000007B 66C706F80F00000A00      		MOV		DWORD [VRAM],0x000a0000
    95                                  
    96                                  ; キーボードのLED状態をBIOSに教えてもらう
    97                                  
    98                                  keystatus:
    99 00000084 0F010EE80F              	sidt	[IDT_SAVE]		; idtr save
   100                                  
   101 00000089 B402                    		MOV		AH,0x02
   102 0000008B CD16                    		INT		0x16 			; keyboard BIOS
   103 0000008D A2F10F                  		MOV		[LEDS],AL
   104                                  
   105                                  ; PICが一切の割り込みを受け付けないようにする/
   106                                  ;	AT互換機の仕様では、PICの初期化をするなら、/
   107                                  ;	こいつをCLI前にやっておかないと、たまにハングアップする/
   108                                  ;	PICの初期化はあとでやる
   109                                  
   110 00000090 B0FF                    		MOV		AL,0xff
   111 00000092 E621                    		OUT		0x21,AL
   112 00000094 90                      		NOP						; OUT命令を連続させるとうまくいかない機種があるらしいので/
   113 00000095 E6A1                    		OUT		0xa1,AL
   114                                  
   115 00000097 FA                      		CLI						; さらにCPUレベルでも割り込み禁止/
   116                                  
   117                                  ; CPUから1MB以上のメモリにアクセスできるように、A20GATEを設定/
   118                                  
   119 00000098 E89A00                  		CALL	waitkbdout
   120 0000009B B0D1                    		MOV		AL,0xd1
   121 0000009D E664                    		OUT		0x64,AL
   122 0000009F E89300                  		CALL	waitkbdout
   123 000000A2 B0DF                    		MOV		AL,0xdf			; enable A20
   124                                  ;;;		mov		al,0xdd			; disable A20
   125 000000A4 E660                    		OUT		0x60,AL
   126 000000A6 E88C00                  		CALL	waitkbdout
   127                                  
   128                                  ; プロテクトモード移行
   129                                  ;;;[BITS 32]
   130                                  
   131 000000A9 0F0116[7A01]            		LGDT	[GDTR0]			; 暫定GDTを設定/
   132 000000AE 0F20C0                  		MOV		EAX,CR0
   133 000000B1 6625FFFFFF7F            		AND		EAX,0x7fffffff	; bit31を0にする（ページング禁止のため）/
   134 000000B7 6683C801                		OR		EAX,0x00000001	; bit0を1にする（プロテクトモード移行のため）/
   135 000000BB 0F22C0                  		MOV		CR0,EAX
   136 000000BE EB00                    		JMP		pipelineflash
   137                                  pipelineflash:
   138 000000C0 B80800                  		MOV		AX,1*8			;  読み書き可能セグメント32bit
   139 000000C3 8ED8                    		MOV		DS,AX
   140 000000C5 8EC0                    		MOV		ES,AX
   141 000000C7 8EE0                    		MOV		FS,AX
   142 000000C9 8EE8                    		MOV		GS,AX
   143 000000CB 8ED0                    		MOV		SS,AX
   144                                  
   145                                  ;	mov	esi,0xa0000
   146                                  ;	mov	al,15
   147                                  ;L3:
   148                                  ;	mov	[esi],al
   149                                  ;	inc	esi
   150                                  ;	cmp	esi,0xa8000
   151                                  ;	jnz	L3
   152                                  ;L4:	hlt
   153                                  ;	jmp	L4
   154                                  
   155                                  ; bootpackの転送
   156                                  
   157 000000CD 66BE00840000            		MOV		ESI,0x8400	;AAAAA bootpack	; 転送元  /
   158 000000D3 66BF00002800            		MOV		EDI,BOTPAK	; 転送先  0x00280000
   159 000000D9 66B900000200            		MOV		ECX,512*1024/4
   160 000000DF E85C00                  		CALL	memcpy
   161                                  
   162                                  ; ついでにディスクデータも本来の位置へ転送
   163                                  
   164                                  ; まずはブートセクタから
   165                                  
   166 000000E2 66BE007C0000            		MOV		ESI,0x7c00		; 転送元/
   167 000000E8 66BF00001000            		MOV		EDI,DSKCAC		; 転送先/
   168 000000EE 66B980000000            		MOV		ECX,512/4
   169 000000F4 E84700                  		CALL	memcpy
   170                                  
   171                                  ; 残り全部
   172                                  
   173 000000F7 66BE00820000            		MOV		ESI,DSKCAC0+512	; 転送元/
   174 000000FD 66BF00021000            		MOV		EDI,DSKCAC+512	; 転送先/
   175 00000103 66B900000000            		MOV		ECX,0
   176 00000109 8A0EF00F                		MOV		CL,BYTE [CYLS]
   177 0000010D 6669C900120000          		IMUL	ECX,512*18*2/4	; シリンダ数からバイト数/4に変換/
   178 00000114 6681E980000000          		SUB		ECX,512/4		; IPLの分だけ差し引く/
   179 0000011B E82000                  		CALL	memcpy
   180                                  
   181                                  ; asmheadでしなければいけないことは全部し終わったので、/
   182                                  ;	あとはbootpackに任せる
   183                                  
   184                                  ; bootpackの起動
   185                                  
   186                                  ;		MOV		EBX,BOTPAK
   187                                  ;		MOV		ECX,[EBX+16]
   188                                  ;		ADD		ECX,3			; ECX += 3;
   189                                  ;		SHR		ECX,2			; ECX /= 4;
   190                                  ;		JZ		skip			; 転送するべきものがない/
   191                                  ;		MOV		ESI,[EBX+20]	; 転送元/
   192                                  ;		ADD		ESI,EBX
   193                                  ;		MOV		EDI,[EBX+12]	; 転送先/
   194                                  ;		CALL	memcpy
   195                                  skip:
   196                                  
   197                                  ;	mov	esi,0xa0000
   198                                  ;	mov	al,15
   199                                  ;L3:
   200                                  ;	mov	[esi],al
   201                                  ;	inc	esi
   202                                  ;	cmp	esi,0xa8000
   203                                  ;	jnz	L3
   204                                  ;L4:	hlt
   205                                  ;	jmp	L4
   206                                  
   207 0000011E 66678B2540002800        		mov	esp,[dword _stack_buf]
   208 00000126 6681C4A0860100          		add	esp,100000
   209                                  
   210                                  ;;;		JMP		DWORD 2*8:0x0000001b
   211 0000012D 66EA300000001000        		jmp	dword 2*8:_gonbe_main
   212                                  
   213                                  waitkbdout:
   214 00000135 E464                    		IN		 AL,0x64
   215 00000137 2402                    		AND		 AL,0x02
   216 00000139 E460                    		IN		 AL,0x60 		; から読み(受信バッファが悪さをしないように)/
   217 0000013B 75F8                    		JNZ		waitkbdout		; ANDの結果が0でなければwaitkbdoutへ/
   218 0000013D C3                      		RET
   219                                  
   220                                  memcpy:
   221 0000013E 66678B06                		MOV		EAX,[ESI]
   222 00000142 6683C604                		ADD		ESI,4
   223 00000146 66678907                		MOV		[EDI],EAX
   224 0000014A 6683C704                		ADD		EDI,4
   225 0000014E 6683E901                		SUB		ECX,1
   226 00000152 75EA                    		JNZ		memcpy			; 引き算した結果が0でなければmemcpyへ/
   227 00000154 C3                      		RET
   228                                  ; memcpyはアドレスサイズプリフィクスを入れ忘れなければ、ストリング命令でも書ける/
   229                                  
   230                                  
   231 00000155 00<rept>                		ALIGNB	16,	db 0
   232                                  GDT0:
   233 00000160 0000000000000000        		db	0,0,0,0,0,0,0,0
   234 00000168 FFFF00000092CF00        		DW		0xffff,0x0000,0x9200,0x00cf	; 読み書き可能セグメント32bit
   235 00000170 FFFF0000289A4700        		DW		0xffff,0x0000,0x9a28,0x0047	; 実行可能セグメント32bit（bootpack用）/
   236                                  ;;;		DW		0xffff,0x0000,0x9a00,0x0007	; 実行可能セグメント16bit 0番地 start
   237                                  
   238 00000178 0000                    		DW		0
   239                                  GDTR0:
   240                                  ;;;		DW		8*4-1
   241 0000017A 1700                    		DW		8*3-1
   242 0000017C [60010000]              		DD		GDT0
   243                                  
   244                                  		ALIGNB	16,	db 0
   245                                  
   246 00000180 00<rept>                	times	0x400 - ($-$$)	db 0
   247                                  
   248                                  bootpack:
